<?xml version="1.0" encoding="UTF-8"?>
<testng-results ignored="1" total="2" passed="1" failed="0" skipped="0">
  <reporter-output>
    <line>
      <![CDATA[Ingresa el primer nÃ¹mero a comparar]]>
    </line>
    <line>
      <![CDATA[Ingresa el segundo nÃ¹mero a comparar]]>
    </line>
    <line>
      <![CDATA[Ingresa el primer nÃ¹mero a comparar]]>
    </line>
    <line>
      <![CDATA[Ingresa el segundo nÃ¹mero a comparar]]>
    </line>
    <line>
      <![CDATA[Ingresa el primer nÃ¹mero a comparar]]>
    </line>
    <line>
      <![CDATA[Ingresa el segundo nÃ¹mero a comparar]]>
    </line>
    <line>
      <![CDATA[Ingresa el primer nÃ¹mero a comparar]]>
    </line>
    <line>
      <![CDATA[Ingresa el segundo nÃ¹mero a comparar]]>
    </line>
    <line>
      <![CDATA[Los numeros coinciden 200.0y 200.0]]>
    </line>
  </reporter-output>
  <suite started-at="2022-03-01T01:54:15 CST" name="Default suite" finished-at="2022-03-01T01:59:08 CST" duration-ms="293086">
    <groups>
    </groups>
    <test started-at="2022-03-01T01:54:15 CST" name="Default test" finished-at="2022-03-01T01:59:08 CST" duration-ms="293086">
      <class name="com.javaBasic.CompararNumeros">
        <test-method signature="compararNumeros()[pri:0, instance:com.javaBasic.CompararNumeros@58695725]" started-at="2022-03-01T01:54:15 CST" name="compararNumeros" finished-at="2022-03-01T01:59:08 CST" duration-ms="293063" status="PASS">
          <reporter-output>
            <line>
              <![CDATA[Ingresa el primer nÃ¹mero a comparar]]>
            </line>
            <line>
              <![CDATA[Ingresa el segundo nÃ¹mero a comparar]]>
            </line>
            <line>
              <![CDATA[Ingresa el primer nÃ¹mero a comparar]]>
            </line>
            <line>
              <![CDATA[Ingresa el segundo nÃ¹mero a comparar]]>
            </line>
            <line>
              <![CDATA[Ingresa el primer nÃ¹mero a comparar]]>
            </line>
            <line>
              <![CDATA[Ingresa el segundo nÃ¹mero a comparar]]>
            </line>
            <line>
              <![CDATA[Ingresa el primer nÃ¹mero a comparar]]>
            </line>
            <line>
              <![CDATA[Ingresa el segundo nÃ¹mero a comparar]]>
            </line>
            <line>
              <![CDATA[Los numeros coinciden 200.0y 200.0]]>
            </line>
          </reporter-output>
        </test-method> <!-- compararNumeros -->
      </class> <!-- com.javaBasic.CompararNumeros -->
    </test> <!-- Default test -->
  </suite> <!-- Default suite -->
</testng-results>
