<?xml version="1.0" encoding="UTF-8"?>
<!-- Generated by org.testng.reporters.JUnitReportReporter -->
<testsuite hostname="HugoSerratos" failures="0" tests="2" name="com.javaBasic.HelloWorld" time="0.006" errors="0" timestamp="2022-02-26T09:18:03 CST" skipped="0">
  <testcase classname="com.javaBasic.HelloWorld" name="tipoVariable" time="0.001"/>
  <system-out>
    <![CDATA[El valor de la variable num1 es: 100
la multiplicación es: 3000]]>
  </system-out>
  <testcase classname="com.javaBasic.HelloWorld" name="showConsole" time="0.005"/>
  <system-out>
    <![CDATA[HolaMundo
la suma de es: 30]]>
  </system-out>
</testsuite> <!-- com.javaBasic.HelloWorld -->
