<?xml version="1.0" encoding="UTF-8"?>
<!-- Generated by org.testng.reporters.JUnitReportReporter -->
<testsuite hostname="HugoSerratos" failures="0" tests="1" name="com.javaBasic.PrimedioCalificaciones" time="0.007" errors="0" timestamp="2022-02-26T10:07:29 CST" skipped="0">
  <testcase classname="com.javaBasic.PrimedioCalificaciones" name="calcularPromedio" time="0.007"/>
  <system-out>
    <![CDATA[El promedio es: 85.0
Estás aprobado]]>
  </system-out>
</testsuite> <!-- com.javaBasic.PrimedioCalificaciones -->
